<?xml version="1.0" encoding="UTF-8"?>
<!-- Generated by org.testng.reporters.JUnitReportReporter -->
<testsuite hostname="Admin" failures="0" tests="1" name="SearchFunctionality.SearchTest" time="7.600" errors="0" timestamp="2024-08-25T19:02:56 ICT" skipped="0">
  <testcase classname="SearchFunctionality.SearchTest" name="viewProductDetailAfterSearch" time="7.600"/>
  <system-out/>
</testsuite> <!-- SearchFunctionality.SearchTest -->
