<?xml version="1.0" encoding="UTF-8"?>
<!-- Generated by org.testng.reporters.JUnitReportReporter -->
<testsuite hostname="Admin" failures="0" tests="1" name="test.SearchTest" time="5.492" errors="0" timestamp="2024-08-22T16:55:02 ICT" skipped="0">
  <testcase classname="test.SearchTest" name="viewProductDetailAfterSearch" time="5.492"/>
  <system-out/>
</testsuite> <!-- test.SearchTest -->
