<?xml version="1.0" encoding="UTF-8"?>
<!-- Generated by org.testng.reporters.JUnitReportReporter -->
<testsuite hostname="Admin" failures="0" tests="1" name="SearchFunctionality.SearchTest" time="49.962" errors="0" timestamp="2024-08-25T13:47:47 ICT" skipped="0">
  <testcase classname="SearchFunctionality.SearchTest" name="lambdaTestVerifySearchFieldPosition" time="49.962"/>
  <system-out/>
</testsuite> <!-- SearchFunctionality.SearchTest -->
